SF:lib/src/flutter_animated_text.dart
DA:35,1
DA:48,1
DA:49,1
DA:59,1
DA:60,1
DA:62,1
DA:64,1
DA:66,4
DA:68,3
DA:70,1
DA:71,1
DA:74,1
DA:75,2
DA:76,1
DA:77,4
DA:78,2
DA:79,3
DA:80,3
DA:81,1
DA:82,4
DA:85,2
DA:86,1
DA:87,1
DA:88,1
DA:89,5
DA:90,2
DA:95,1
DA:96,4
DA:97,2
DA:98,3
DA:99,3
DA:100,1
DA:101,4
DA:104,2
DA:105,1
DA:106,1
DA:107,1
DA:108,5
DA:109,2
DA:114,1
DA:115,2
DA:117,4
DA:118,1
DA:119,4
DA:121,2
DA:122,1
DA:123,1
DA:124,3
DA:125,1
DA:126,3
DA:127,2
DA:132,1
DA:133,6
DA:138,1
DA:139,2
DA:140,0
DA:142,2
DA:146,0
DA:148,0
DA:150,0
DA:151,0
DA:152,0
DA:153,0
DA:157,1
DA:159,2
DA:160,1
DA:163,1
DA:165,1
DA:166,1
LF:69
LH:62
end_of_record
